TN:
SF:src\components\CategoryCard\index.tsx
FN:10,CategoryCard
FNF:1
FNH:0
FNDA:0,CategoryCard
DA:15,0
LF:1
LH:0
BRF:0
BRH:0
end_of_record
TN:
SF:src\components\DatePicker\index.tsx
FN:12,DatePicker
FNF:1
FNH:0
FNDA:0,DatePicker
DA:19,0
LF:1
LH:0
BRDA:21,0,0,0
BRDA:21,0,1,0
BRF:2
BRH:0
end_of_record
TN:
SF:src\components\Form\Button\index.tsx
FN:9,Button
FNF:1
FNH:1
FNDA:3,Button
DA:10,3
LF:1
LH:1
BRF:0
BRH:0
end_of_record
TN:
SF:src\components\Form\CategorySelectButton\index.tsx
FN:9,CategorySelectButton
FNF:1
FNH:1
FNDA:2,CategorySelectButton
DA:10,2
LF:1
LH:1
BRF:0
BRH:0
end_of_record
TN:
SF:src\components\Form\Input\index.tsx
FN:9,Input
FNF:1
FNH:1
FNDA:5,Input
DA:13,5
LF:1
LH:1
BRDA:10,0,0,4
BRF:1
BRH:1
end_of_record
TN:
SF:src\components\Form\InputForm\index.tsx
FN:15,InputForm
FN:25,(anonymous_1)
FNF:2
FNH:2
FNDA:4,InputForm
FNDA:4,(anonymous_1)
DA:21,4
DA:26,4
LF:2
LH:2
BRDA:34,0,0,4
BRDA:34,0,1,0
BRF:2
BRH:1
end_of_record
TN:
SF:src\components\Form\TransactionTypeButton\index.tsx
FN:16,TransactionTypeButton
FNF:1
FNH:1
FNDA:4,TransactionTypeButton
DA:5,1
DA:23,4
LF:2
LH:2
BRF:0
BRH:0
end_of_record
TN:
SF:src\components\Header\index.tsx
FN:8,Header
FNF:1
FNH:1
FNDA:3,Header
DA:9,3
LF:1
LH:1
BRF:0
BRH:0
end_of_record
TN:
SF:src\components\HighlightCard\index.tsx
FN:25,HighlightCard
FNF:1
FNH:0
FNDA:0,HighlightCard
DA:19,0
DA:32,0
LF:2
LH:0
BRF:0
BRH:0
end_of_record
TN:
SF:src\components\SignInSocialButton\index.tsx
FN:16,SignInSocialButton
FNF:1
FNH:0
FNDA:0,SignInSocialButton
DA:21,0
LF:1
LH:0
BRF:0
BRH:0
end_of_record
TN:
SF:src\components\TransactionCard\index.tsx
FN:28,TransactionCard
FN:38,(anonymous_1)
FN:42,(anonymous_2)
FNF:3
FNH:0
FNDA:0,TransactionCard
FNDA:0,(anonymous_1)
FNDA:0,(anonymous_2)
DA:36,0
DA:38,0
DA:39,0
DA:41,0
DA:42,0
LF:5
LH:0
BRDA:47,0,0,0
BRDA:47,0,1,0
BRF:2
BRH:0
end_of_record
TN:
SF:src\hooks\auth.tsx
FN:46,AuthProvider
FN:50,signOut
FN:55,signInWithGoogle
FN:88,signInWithApple
FN:116,(anonymous_4)
FN:117,loadUserStorageDate
FN:145,useAuth
FNF:7
FNH:5
FNDA:5,AuthProvider
FNDA:0,signOut
FNDA:2,signInWithGoogle
FNDA:0,signInWithApple
FNDA:2,(anonymous_4)
FNDA:2,loadUserStorageDate
FNDA:7,useAuth
DA:9,2
DA:10,2
DA:44,2
DA:47,5
DA:48,5
DA:51,0
DA:52,0
DA:56,2
DA:57,2
DA:58,2
DA:60,2
DA:62,2
DA:64,2
DA:65,1
DA:67,1
DA:69,1
DA:76,1
DA:78,1
DA:84,0
DA:89,0
DA:90,0
DA:97,0
DA:98,0
DA:99,0
DA:100,0
DA:107,0
DA:108,0
DA:112,0
DA:116,5
DA:118,2
DA:120,2
DA:121,0
DA:122,0
DA:125,2
DA:128,2
DA:131,5
DA:146,7
DA:147,7
LF:38
LH:24
BRDA:64,0,0,1
BRDA:64,0,1,1
BRDA:97,1,0,0
BRDA:97,1,1,0
BRDA:120,2,0,0
BRDA:120,2,1,2
BRF:6
BRH:3
end_of_record
TN:
SF:src\routes\app.routes.tsx
FN:18,Home
FN:31,AppRoutes
FN:50,(anonymous_2)
FN:59,(anonymous_3)
FN:68,(anonymous_4)
FNF:5
FNH:0
FNDA:0,Home
FNDA:0,AppRoutes
FNDA:0,(anonymous_2)
FNDA:0,(anonymous_3)
FNDA:0,(anonymous_4)
DA:15,0
DA:16,0
DA:19,0
DA:32,0
DA:33,0
DA:51,0
DA:60,0
DA:69,0
LF:8
LH:0
BRDA:42,0,0,0
BRDA:42,0,1,0
BRF:2
BRH:0
end_of_record
TN:
SF:src\routes\auth.routes.tsx
FN:8,AuthRoutes
FNF:1
FNH:0
FNDA:0,AuthRoutes
DA:6,0
DA:9,0
LF:2
LH:0
BRF:0
BRH:0
end_of_record
TN:
SF:src\routes\index.tsx
FN:9,Routes
FNF:1
FNH:0
FNDA:0,Routes
DA:10,0
DA:11,0
LF:2
LH:0
BRDA:13,0,0,0
BRDA:13,0,1,0
BRF:2
BRH:0
end_of_record
TN:
SF:src\screens\CategorySelect\index.tsx
FN:29,CategorySelect
FN:35,handleCategorySelect
FN:43,(anonymous_2)
FN:44,(anonymous_3)
FN:46,(anonymous_4)
FN:53,(anonymous_5)
FNF:6
FNH:4
FNDA:1,CategorySelect
FNDA:0,handleCategorySelect
FNDA:6,(anonymous_2)
FNDA:6,(anonymous_3)
FNDA:0,(anonymous_4)
FNDA:5,(anonymous_5)
DA:36,0
DA:38,1
DA:43,6
DA:45,6
DA:46,0
DA:53,5
LF:6
LH:4
BRF:0
BRH:0
end_of_record
TN:
SF:src\screens\Dashboard\index.tsx
FN:55,Dashboard
FN:63,getLastTransaction
FN:69,(anonymous_2)
FN:90,loadTransactions
FN:110,(anonymous_4)
FN:145,(anonymous_5)
FN:209,(anonymous_6)
FN:210,(anonymous_7)
FNF:8
FNH:0
FNDA:0,Dashboard
FNDA:0,getLastTransaction
FNDA:0,(anonymous_2)
FNDA:0,loadTransactions
FNDA:0,(anonymous_4)
FNDA:0,(anonymous_5)
FNDA:0,(anonymous_6)
FNDA:0,(anonymous_7)
DA:40,0
DA:57,0
DA:58,0
DA:60,0
DA:67,0
DA:69,0
DA:70,0
DA:71,0
DA:72,0
DA:76,0
DA:77,0
DA:80,0
DA:81,0
DA:87,0
DA:91,0
DA:92,0
DA:94,0
DA:110,0
DA:111,0
DA:115,0
DA:121,0
DA:122,0
DA:123,0
DA:125,0
DA:126,0
DA:127,0
DA:130,0
DA:137,0
DA:138,0
DA:139,0
DA:140,0
DA:141,0
DA:145,0
DA:146,0
DA:150,0
DA:209,0
DA:210,0
LF:37
LH:0
BRDA:70,0,0,0
BRDA:70,0,1,0
BRDA:76,1,0,0
BRDA:76,1,1,0
BRDA:92,2,0,0
BRDA:92,2,1,0
BRDA:121,3,0,0
BRDA:121,3,1,0
BRDA:125,4,0,0
BRDA:125,4,1,0
BRF:10
BRH:0
end_of_record
TN:
SF:src\screens\EditTransaction\index.tsx
FN:53,EditTransaction
FN:79,handleTransactionTypeSelect
FN:87,handleOpenSelectCategoryModal
FN:91,handleCloseSelectCategoryModal
FN:96,resetForm
FN:105,saveTransactionOnStorage
FN:111,(anonymous_6)
FN:123,handleRegister
FN:147,getTransaction
FN:150,(anonymous_9)
FN:151,(anonymous_10)
FN:164,handleOnChangeDate
FN:174,(anonymous_12)
FN:204,(anonymous_13)
FN:213,(anonymous_14)
FN:219,(anonymous_15)
FNF:16
FNH:0
FNDA:0,EditTransaction
FNDA:0,handleTransactionTypeSelect
FNDA:0,handleOpenSelectCategoryModal
FNDA:0,handleCloseSelectCategoryModal
FNDA:0,resetForm
FNDA:0,saveTransactionOnStorage
FNDA:0,(anonymous_6)
FNDA:0,handleRegister
FNDA:0,getTransaction
FNDA:0,(anonymous_9)
FNDA:0,(anonymous_10)
FNDA:0,handleOnChangeDate
FNDA:0,(anonymous_12)
FNDA:0,(anonymous_13)
FNDA:0,(anonymous_14)
FNDA:0,(anonymous_15)
DA:41,0
DA:54,0
DA:56,0
DA:58,0
DA:59,0
DA:61,0
DA:62,0
DA:66,0
DA:74,0
DA:76,0
DA:80,0
DA:81,0
DA:82,0
DA:84,0
DA:88,0
DA:92,0
DA:97,0
DA:101,0
DA:102,0
DA:107,0
DA:108,0
DA:109,0
DA:111,0
DA:113,0
DA:115,0
DA:117,0
DA:118,0
DA:124,0
DA:126,0
DA:135,0
DA:136,0
DA:138,0
DA:139,0
DA:142,0
DA:143,0
DA:144,0
DA:148,0
DA:149,0
DA:150,0
DA:151,0
DA:153,0
DA:154,0
DA:155,0
DA:156,0
DA:158,0
DA:165,0
DA:166,0
DA:167,0
DA:168,0
DA:169,0
DA:174,0
DA:175,0
DA:178,0
DA:204,0
DA:213,0
DA:219,0
LF:56
LH:0
BRDA:80,0,0,0
BRDA:80,0,1,0
BRDA:109,1,0,0
BRDA:109,1,1,0
BRDA:135,2,0,0
BRDA:135,2,1,0
BRDA:138,3,0,0
BRDA:138,3,1,0
BRDA:149,4,0,0
BRDA:149,4,1,0
BRDA:166,5,0,0
BRDA:166,5,1,0
BRDA:191,6,0,0
BRDA:191,6,1,0
BRDA:198,7,0,0
BRDA:198,7,1,0
BRF:16
BRH:0
end_of_record
TN:
SF:src\screens\Profile\index.tsx
FN:4,Profile
FN:27,(anonymous_1)
FNF:2
FNH:1
FNDA:3,Profile
FNDA:0,(anonymous_1)
DA:5,3
LF:1
LH:1
BRF:0
BRH:0
end_of_record
TN:
SF:src\screens\Register\index.tsx
FN:50,Register
FN:68,handleTransactionTypeSelect
FN:76,handleOpenSelectCategoryModal
FN:80,handleCloseSelectCategoryModal
FN:85,resetForm
FN:94,saveTransactionOnStorage
FN:118,handleRegister
FN:142,(anonymous_7)
FN:143,loadTransactions
FN:179,(anonymous_9)
FN:185,(anonymous_10)
FNF:11
FNH:4
FNDA:2,Register
FNDA:0,handleTransactionTypeSelect
FNDA:1,handleOpenSelectCategoryModal
FNDA:0,handleCloseSelectCategoryModal
FNDA:0,resetForm
FNDA:0,saveTransactionOnStorage
FNDA:0,handleRegister
FNDA:1,(anonymous_7)
FNDA:1,loadTransactions
FNDA:0,(anonymous_9)
FNDA:0,(anonymous_10)
DA:38,1
DA:51,2
DA:52,2
DA:53,2
DA:57,2
DA:59,2
DA:66,2
DA:69,0
DA:70,0
DA:71,0
DA:73,0
DA:77,1
DA:81,0
DA:86,0
DA:90,0
DA:91,0
DA:95,0
DA:101,0
DA:102,0
DA:103,0
DA:105,0
DA:110,0
DA:112,0
DA:113,0
DA:119,0
DA:121,0
DA:128,0
DA:129,0
DA:131,0
DA:132,0
DA:135,0
DA:136,0
DA:138,0
DA:142,2
DA:144,1
DA:146,1
DA:151,2
DA:179,0
DA:185,0
LF:39
LH:12
BRDA:69,0,0,0
BRDA:69,0,1,0
BRDA:103,1,0,0
BRDA:103,1,1,0
BRDA:128,2,0,0
BRDA:128,2,1,0
BRDA:131,3,0,0
BRDA:131,3,1,0
BRDA:144,4,0,1
BRDA:144,4,1,1
BRDA:164,5,0,2
BRDA:164,5,1,0
BRDA:171,6,0,2
BRDA:171,6,1,0
BRF:14
BRH:4
end_of_record
TN:
SF:src\screens\Resume\index.tsx
FN:40,Resume
FN:48,handleDateChange
FN:58,loadTransactions
FN:65,(anonymous_3)
FN:71,(anonymous_4)
FN:78,(anonymous_5)
FN:80,(anonymous_6)
FN:110,(anonymous_7)
FN:125,(anonymous_8)
FN:131,(anonymous_9)
FN:140,(anonymous_10)
FN:155,(anonymous_11)
FNF:12
FNH:0
FNDA:0,Resume
FNDA:0,handleDateChange
FNDA:0,loadTransactions
FNDA:0,(anonymous_3)
FNDA:0,(anonymous_4)
FNDA:0,(anonymous_5)
FNDA:0,(anonymous_6)
FNDA:0,(anonymous_7)
FNDA:0,(anonymous_8)
FNDA:0,(anonymous_9)
FNDA:0,(anonymous_10)
FNDA:0,(anonymous_11)
DA:42,0
DA:43,0
DA:44,0
DA:45,0
DA:46,0
DA:49,0
DA:50,0
DA:51,0
DA:53,0
DA:54,0
DA:59,0
DA:61,0
DA:63,0
DA:65,0
DA:66,0
DA:71,0
DA:72,0
DA:73,0
DA:76,0
DA:78,0
DA:79,0
DA:80,0
DA:81,0
DA:82,0
DA:86,0
DA:88,0
DA:93,0
DA:96,0
DA:106,0
DA:107,0
DA:110,0
DA:111,0
DA:114,0
DA:125,0
DA:131,0
DA:140,0
DA:156,0
LF:37
LH:0
BRDA:49,0,0,0
BRDA:49,0,1,0
BRDA:63,1,0,0
BRDA:63,1,1,0
BRDA:66,2,0,0
BRDA:66,2,1,0
BRDA:66,2,2,0
BRDA:81,3,0,0
BRDA:81,3,1,0
BRDA:86,4,0,0
BRDA:86,4,1,0
BRDA:118,5,0,0
BRDA:118,5,1,0
BRF:13
BRH:0
end_of_record
TN:
SF:src\screens\SignIn\index.tsx
FN:23,SignIn
FN:28,handleSignInWithGoogle
FN:40,handleSignInWithApple
FNF:3
FNH:0
FNDA:0,SignIn
FNDA:0,handleSignInWithGoogle
FNDA:0,handleSignInWithApple
DA:24,0
DA:25,0
DA:26,0
DA:29,0
DA:30,0
DA:31,0
DA:34,0
DA:35,0
DA:36,0
DA:41,0
DA:42,0
DA:43,0
DA:46,0
DA:47,0
DA:48,0
DA:51,0
LF:16
LH:0
BRDA:81,0,0,0
BRDA:81,0,1,0
BRDA:91,1,0,0
BRDA:91,1,1,0
BRF:4
BRH:0
end_of_record
